0.009 -30.99 66.26 -35.27
0.019 -31.58 67.47 -35.89
0.028 -32.16 68.64 -36.49
0.038 -32.70 69.75 -37.05
0.048 -33.21 70.79 -37.58
0.058 -33.65 71.70 -38.05
0.067 -34.01 72.43 -38.42
0.076 -34.32 73.07 -38.75
0.084 -34.59 73.61 -39.03
0.093 -34.80 74.05 -39.25
0.101 -34.96 74.38 -39.42
0.110 -35.08 74.61 -39.54
0.118 -35.14 74.75 -39.61
0.127 -35.15 74.77 -39.62
0.136 -35.11 74.69 -39.58
0.144 -35.03 74.51 -39.49
0.153 -34.89 74.22 -39.34
0.161 -34.70 73.84 -39.14
0.170 -34.46 73.36 -38.90
0.178 -34.18 72.79 -38.60
0.187 -33.86 72.13 -38.27
0.195 -33.50 71.38 -37.89
0.204 -33.09 70.56 -37.46
0.212 -32.66 69.67 -37.01
0.221 -32.19 68.71 -36.52
0.230 -31.69 67.69 -36.00
0.238 -31.17 66.63 -35.46
0.247 -30.63 65.53 -34.90
0.255 -30.07 64.39 -34.32
0.264 -29.51 63.25 -33.74
0.272 -28.96 62.12 -33.16
0.281 -28.40 60.98 -32.59
0.289 -27.86 59.90 -32.03
0.298 -27.34 58.83 -31.49
0.306 -26.84 57.82 -30.98
0.315 -26.37 56.87 -30.50
0.323 -25.96 56.02 -30.06
0.331 -25.58 55.26 -29.68
0.340 -25.26 54.61 -29.35
0.348 -25.00 54.09 -29.09
0.357 -24.81 53.70 -28.89
0.365 -24.69 53.46 -28.77
0.374 -24.65 53.36 -28.72
0.382 -24.67 53.42 -28.75
0.391 -24.78 53.63 -28.85
0.400 -24.95 53.98 -29.03
0.408 -25.20 54.48 -29.28
0.417 -25.50 55.11 -29.60
0.425 -25.87 55.84 -29.97
0.434 -26.28 56.67 -30.39
0.442 -26.72 57.58 -30.85
0.450 -27.21 58.57 -31.36
0.459 -27.73 59.62 -31.89
0.467 -28.27 60.72 -32.45
0.476 -28.82 61.83 -33.02
0.484 -29.37 62.97 -33.60
0.493 -29.93 64.11 -34.18
0.501 -30.49 65.24 -34.75
0.510 -31.03 66.35 -35.32
0.518 -31.56 67.42 -35.86
0.527 -32.06 68.46 -36.39
0.535 -32.54 69.43 -36.89
0.544 -32.99 70.35 -37.36
0.552 -33.40 71.18 -37.78
0.561 -33.78 71.96 -38.18
0.570 -34.11 72.64 -38.53
0.578 -34.40 73.24 -38.83
0.587 -34.65 73.74 -39.09
0.595 -34.85 74.14 -39.30
0.604 -35.00 74.45 -39.46
0.612 -35.10 74.66 -39.56
0.621 -35.15 74.76 -39.62
0.629 -35.15 74.76 -39.62
0.638 -35.10 74.66 -39.56
0.646 -35.00 74.45 -39.45
0.655 -34.85 74.15 -39.30
0.663 -34.65 73.74 -39.09
0.672 -34.40 73.24 -38.83
0.680 -34.11 72.64 -38.53
0.689 -33.78 71.96 -38.18
0.697 -33.40 71.19 -37.79
0.706 -32.99 70.35 -37.36
0.715 -32.54 69.44 -36.89
0.723 -32.07 68.46 -36.39
0.732 -31.56 67.43 -35.87
0.740 -31.04 66.36 -35.32
0.749 -30.50 65.26 -34.76
0.757 -29.94 64.12 -34.18
0.766 -29.37 62.96 -33.59
0.774 -28.80 61.81 -33.00
0.783 -28.25 60.67 -32.43
0.791 -27.71 59.58 -31.87
0.800 -27.18 58.51 -31.33
0.809 -26.69 57.52 -30.82
0.817 -26.24 56.59 -30.36
0.826 -25.83 55.77 -29.94
0.834 -25.47 55.04 -29.57
0.843 -25.17 54.43 -29.26
0.851 -24.94 53.95 -29.01
0.860 -24.77 53.61 -28.84
0.868 -24.67 53.41 -28.74
0.877 -24.65 53.37 -28.72
0.885 -24.70 53.48 -28.77
0.894 -24.83 53.73 -28.90
0.902 -25.03 54.14 -29.11
0.911 -25.30 54.69 -29.39
0.920 -25.62 55.35 -29.72
0.928 -26.00 56.12 -30.11
0.937 -26.44 57.00 -30.56
0.945 -26.91 57.96 -31.05
0.954 -27.42 58.99 -31.57
0.962 -27.95 60.07 -32.12
0.971 -28.50 61.19 -32.69
0.979 -29.06 62.32 -33.27
0.988 -29.61 63.46 -33.84
0.996 -30.17 64.59 -34.42
1.005 -30.72 65.72 -34.99
1.014 -31.27 66.83 -35.56
1.022 -31.79 67.89 -36.10
1.031 -32.29 68.91 -36.62
1.039 -32.75 69.86 -37.11
1.048 -33.18 70.74 -37.56
1.056 -33.58 71.55 -37.97
1.065 -33.94 72.28 -38.34
1.074 -34.27 72.96 -38.69
1.082 -34.53 73.49 -38.97
1.091 -34.75 73.96 -39.20
1.099 -34.93 74.31 -39.38
1.108 -35.05 74.57 -39.52
1.116 -35.13 74.72 -39.59
1.125 -35.15 74.78 -39.62
1.133 -35.13 74.73 -39.60
1.142 -35.06 74.58 -39.52
1.150 -34.93 74.32 -39.39
1.159 -34.76 73.98 -39.21
1.167 -34.55 73.53 -38.98
1.176 -34.28 72.99 -38.71
1.184 -33.97 72.35 -38.38
1.193 -33.61 71.61 -38.00
1.201 -33.21 70.81 -37.59
1.210 -32.78 69.93 -37.14
1.219 -32.32 68.98 -36.66
1.227 -31.84 67.99 -36.15
1.236 -31.32 66.94 -35.62
1.244 -30.78 65.84 -35.06
1.253 -30.23 64.72 -34.49
1.261 -29.67 63.58 -33.91
1.270 -29.12 62.45 -33.33
1.278 -28.56 61.31 -32.75
1.287 -28.01 60.19 -32.18
1.295 -27.48 59.11 -31.63
1.304 -26.96 58.07 -31.10
1.312 -26.49 57.10 -30.61
1.321 -26.05 56.22 -30.16
1.329 -25.66 55.43 -29.76
1.338 -25.33 54.75 -29.42
1.346 -25.06 54.20 -29.14
1.355 -24.85 53.78 -28.93
1.363 -24.71 53.50 -28.79
1.372 -24.65 53.37 -28.72
1.380 -24.66 53.39 -28.73
1.389 -24.74 53.56 -28.82
1.397 -24.90 53.88 -28.98
1.406 -25.13 54.34 -29.21
1.414 -25.42 54.93 -29.51
1.423 -25.77 55.65 -29.88
1.432 -26.18 56.47 -30.29
1.440 -26.63 57.38 -30.76
1.449 -27.11 58.37 -31.26
1.457 -27.63 59.42 -31.79
1.466 -28.17 60.51 -32.35
1.474 -28.72 61.64 -32.92
1.483 -29.28 62.79 -33.50
1.491 -29.85 63.93 -34.08
1.500 -30.40 65.06 -34.66
1.508 -30.94 66.17 -35.23
1.517 -31.48 67.25 -35.78
1.525 -31.98 68.29 -36.30
1.534 -32.46 69.26 -36.80
1.542 -32.91 70.18 -37.27
1.551 -33.33 71.04 -37.71
1.560 -33.72 71.83 -38.11
1.568 -34.06 72.53 -38.47
1.576 -34.35 73.13 -38.78
1.585 -34.61 73.66 -39.05
1.594 -34.83 74.11 -39.28
1.603 -34.98 74.43 -39.44
1.611 -35.09 74.64 -39.55
1.620 -35.15 74.76 -39.61
1.628 -35.15 74.77 -39.62
1.637 -35.11 74.67 -39.57
1.645 -35.01 74.48 -39.47
1.655 -34.85 74.15 -39.30
1.663 -34.66 73.75 -39.10
1.672 -34.41 73.25 -38.84
1.680 -34.12 72.66 -38.54
1.689 -33.79 71.98 -38.19
1.697 -33.42 71.23 -37.81
1.706 -33.01 70.38 -37.37
1.714 -32.55 69.46 -36.90
1.723 -32.08 68.48 -36.40
1.731 -31.57 67.45 -35.88
1.740 -31.05 66.38 -35.33
1.748 -30.51 65.27 -34.77
1.757 -29.95 64.13 -34.19
1.766 -29.38 62.99 -33.61
1.774 -28.82 61.85 -33.02
1.783 -28.27 60.71 -32.45
1.791 -27.72 59.61 -31.89
1.800 -27.21 58.56 -31.35
1.808 -26.71 57.56 -30.85
1.817 -26.26 56.63 -30.38
1.825 -25.85 55.80 -29.95
1.834 -25.49 55.07 -29.58
1.842 -25.18 54.45 -29.27
1.851 -24.94 53.96 -29.02
1.859 -24.77 53.62 -28.85
1.868 -24.67 53.42 -28.74
1.876 -24.65 53.36 -28.72
1.885 -24.70 53.46 -28.77
1.893 -24.82 53.71 -28.89
1.902 -25.01 54.11 -29.09
1.911 -25.28 54.64 -29.37
1.919 -25.61 55.31 -29.70
1.928 -25.99 56.10 -30.10
1.936 -26.41 56.95 -30.53
1.945 -26.90 57.93 -31.03
1.955 -27.47 59.11 -31.63
1.965 -28.09 60.36 -32.27
1.975 -28.74 61.67 -32.94
1.984 -29.37 62.96 -33.59
1.993 -29.97 64.19 -34.22
2.003 -30.61 65.50 -34.88
2.013 -31.23 66.76 -35.52
2.023 -31.83 67.98 -36.15
2.032 -32.33 69.00 -36.67
2.040 -32.80 69.96 -37.16
2.049 -33.23 70.83 -37.60
2.058 -33.63 71.65 -38.02
2.066 -33.99 72.38 -38.40
2.075 -34.29 73.01 -38.72
2.084 -34.57 73.58 -39.01
2.092 -34.79 74.03 -39.24
2.101 -34.96 74.37 -39.41
2.110 -35.07 74.61 -39.54
2.118 -35.14 74.75 -39.61
2.127 -35.15 74.77 -39.62
2.136 -35.12 74.70 -39.58
2.144 -35.03 74.52 -39.49
2.152 -34.90 74.25 -39.35
2.161 -34.70 73.85 -39.15
2.170 -34.46 73.36 -38.90
2.179 -34.17 72.77 -38.60
2.187 -33.85 72.10 -38.25
2.196 -33.47 71.32 -37.86
2.205 -33.04 70.44 -37.40
2.214 -32.60 69.54 -36.94
2.222 -32.11 68.54 -36.44
2.231 -31.60 67.50 -35.90
2.240 -31.06 66.40 -35.34
2.249 -30.50 65.26 -34.76
2.259 -29.85 63.94 -34.09
2.267 -29.28 62.78 -33.50
2.276 -28.73 61.66 -32.93
2.284 -28.17 60.53 -32.35
2.293 -27.63 59.42 -31.79
2.301 -27.11 58.36 -31.25
2.310 -26.62 57.37 -30.75
2.318 -26.17 56.46 -30.29
2.327 -25.78 55.65 -29.88
2.335 -25.43 54.95 -29.52
2.344 -25.13 54.35 -29.22
2.353 -24.90 53.88 -28.98
2.361 -24.74 53.56 -28.82
2.370 -24.66 53.39 -28.73
2.378 -24.65 53.37 -28.72
2.388 -24.73 53.53 -28.80
2.396 -24.87 53.81 -28.95
2.404 -25.08 54.25 -29.17
2.413 -25.36 54.82 -29.46
2.422 -25.71 55.52 -29.81
2.430 -26.11 56.33 -30.22
2.439 -26.56 57.24 -30.69
2.448 -27.09 58.32 -31.23
2.457 -27.59 59.35 -31.75
2.465 -28.14 60.45 -32.31
2.474 -28.69 61.58 -32.89
2.482 -29.25 62.71 -33.46
2.491 -29.81 63.85 -34.05
2.500 -30.39 65.03 -34.65
2.509 -30.98 66.25 -35.26
2.517 -31.50 67.31 -35.80
2.526 -32.01 68.35 -36.34
2.535 -32.49 69.33 -36.84
2.543 -32.95 70.26 -37.31
2.551 -33.36 71.09 -37.74
2.560 -33.74 71.87 -38.14
2.569 -34.10 72.61 -38.52
2.578 -34.39 73.22 -38.82
2.586 -34.64 73.72 -39.08
2.595 -34.84 74.14 -39.30
2.603 -34.99 74.45 -39.45
2.612 -35.10 74.66 -39.56
2.621 -35.15 74.76 -39.61
2.629 -35.15 74.77 -39.62
2.638 -35.10 74.66 -39.56
2.646 -35.00 74.46 -39.46
2.655 -34.85 74.15 -39.30
2.664 -34.65 73.73 -39.09
2.672 -34.40 73.23 -38.83
2.681 -34.09 72.59 -38.50
2.691 -33.67 71.74 -38.07
2.702 -33.20 70.77 -37.57
2.712 -32.67 69.69 -37.02
2.722 -32.10 68.53 -36.43
2.733 -31.48 67.26 -35.78
2.743 -30.85 65.97 -35.12
2.752 -30.26 64.78 -34.52
2.761 -29.70 63.63 -33.93
2.770 -29.12 62.45 -33.33
2.778 -28.56 61.32 -32.76
2.787 -28.02 60.21 -32.19
2.795 -27.48 59.12 -31.64
2.804 -26.98 58.09 -31.12
2.812 -26.49 57.11 -30.62
2.821 -26.05 56.21 -30.16
2.830 -25.66 55.41 -29.76
2.838 -25.33 54.74 -29.42
2.847 -25.05 54.18 -29.13
2.855 -24.84 53.77 -28.92
2.864 -24.71 53.49 -28.78
2.872 -24.65 53.37 -28.72
2.881 -24.66 53.40 -28.73
2.889 -24.75 53.58 -28.83
2.898 -24.91 53.90 -28.99
2.906 -25.15 54.38 -29.23
2.915 -25.43 54.96 -29.53
2.923 -25.78 55.66 -29.88
2.932 -26.18 56.47 -30.29
2.940 -26.62 57.37 -30.75
2.949 -27.11 58.36 -31.25
2.957 -27.62 59.41 -31.78
2.966 -28.16 60.50 -32.34
2.974 -28.71 61.62 -32.91
2.983 -29.27 62.76 -33.49
2.991 -29.83 63.90 -34.07
3.000 -30.39 65.03 -34.65
3.008 -30.93 66.15 -35.22
3.017 -31.46 67.23 -35.77
3.025 -31.97 68.27 -36.30
3.034 -32.45 69.25 -36.80
3.042 -32.91 70.18 -37.27
3.051 -33.33 71.04 -37.71
3.059 -33.71 71.81 -38.10
3.068 -34.04 72.50 -38.46
3.076 -34.34 73.11 -38.77
3.085 -34.60 73.64 -39.04
3.093 -34.81 74.07 -39.26
3.102 -34.97 74.40 -39.43
3.110 -35.08 74.62 -39.54
3.119 -35.14 74.75 -39.61
3.128 -35.15 74.77 -39.62
3.136 -35.11 74.69 -39.58
3.145 -35.02 74.50 -39.48
3.153 -34.88 74.21 -39.33
3.162 -34.69 73.82 -39.13
3.170 -34.45 73.34 -38.89
3.179 -34.17 72.76 -38.59
3.187 -33.84 72.09 -38.25
3.196 -33.48 71.34 -37.86
3.204 -33.08 70.52 -37.45
3.213 -32.64 69.63 -36.99
3.221 -32.17 68.67 -36.50
3.230 -31.67 67.65 -35.98
3.238 -31.15 66.58 -35.44
3.247 -30.61 65.48 -34.87
3.256 -30.05 64.34 -34.29
3.264 -29.49 63.20 -33.71
3.273 -28.93 62.06 -33.13
3.281 -28.37 60.92 -32.56
3.290 -27.83 59.82 -31.99
3.298 -27.31 58.76 -31.46
3.306 -26.81 57.76 -30.95
3.315 -26.34 56.80 -30.46
3.324 -25.91 55.93 -30.02
3.332 -25.54 55.17 -29.64
3.341 -25.23 54.55 -29.32
3.350 -24.97 54.03 -29.06
3.358 -24.79 53.66 -28.87
3.367 -24.68 53.44 -28.75
3.375 -24.65 53.36 -28.72
3.384 -24.69 53.44 -28.76
3.392 -24.80 53.67 -28.87
3.401 -24.98 54.05 -29.07
3.410 -25.24 54.57 -29.33
3.418 -25.56 55.23 -29.66
3.427 -25.94 55.99 -30.05
3.435 -26.37 56.85 -30.49
3.444 -26.83 57.80 -30.97
3.452 -27.33 58.82 -31.48
3.461 -27.87 59.90 -32.03
3.470 -28.42 61.02 -32.60
3.478 -28.97 62.15 -33.18
3.487 -29.53 63.29 -33.76
3.495 -30.08 64.42 -34.33
3.504 -30.63 65.54 -34.90
3.512 -31.17 66.63 -35.46
3.521 -31.70 67.70 -36.01
3.529 -32.20 68.72 -36.53
3.538 -32.67 69.69 -37.02
3.546 -33.11 70.58 -37.48
3.555 -33.51 71.40 -37.90
3.563 -33.87 72.15 -38.28
3.572 -34.19 72.80 -38.61
3.580 -34.47 73.38 -38.90
3.589 -34.70 73.85 -39.15
3.597 -34.89 74.24 -39.35
3.606 -35.03 74.52 -39.49
3.614 -35.12 74.70 -39.58
3.623 -35.15 74.77 -39.62
3.632 -35.14 74.74 -39.61
3.640 -35.07 74.61 -39.54
3.649 -34.96 74.38 -39.42
3.657 -34.79 74.04 -39.24
3.666 -34.58 73.60 -39.02
3.674 -34.32 73.07 -38.75
3.683 -34.02 72.45 -38.43
3.691 -33.67 71.74 -38.07
3.700 -33.28 70.95 -37.66
3.709 -32.86 70.08 -37.22
3.717 -32.41 69.15 -36.75
3.726 -31.92 68.16 -36.24
3.734 -31.41 67.12 -35.71
3.743 -30.88 66.03 -35.16
3.751 -30.33 64.93 -34.59
3.760 -29.78 63.80 -34.02
3.768 -29.23 62.68 -33.45
3.776 -28.68 61.55 -32.87
3.785 -28.13 60.44 -32.31
3.793 -27.60 59.35 -31.76
3.802 -27.09 58.32 -31.23
3.810 -26.61 57.34 -30.73
3.819 -26.16 56.43 -30.27
3.827 -25.76 55.62 -29.86
3.836 -25.41 54.91 -29.50
3.844 -25.12 54.33 -29.21
3.853 -24.90 53.87 -28.98
3.861 -24.74 53.55 -28.81
3.870 -24.66 53.39 -28.73
3.879 -24.65 53.38 -28.72
3.887 -24.72 53.52 -28.80
3.896 -24.87 53.81 -28.94
3.904 -25.08 54.24 -29.16
3.913 -25.35 54.79 -29.44
3.921 -25.68 55.46 -29.78
3.930 -26.10 56.31 -30.21
3.940 -26.61 57.36 -30.74
3.950 -27.18 58.51 -31.33
3.960 -27.77 59.71 -31.94
3.969 -28.39 60.96 -32.57
3.979 -29.00 62.21 -33.21
3.988 -29.64 63.50 -33.87
3.997 -30.23 64.71 -34.48
4.006 -30.78 65.84 -35.06
4.015 -31.33 66.95 -35.62
4.023 -31.84 68.00 -36.16
4.032 -32.33 69.00 -36.67
4.040 -32.79 69.94 -37.15
4.049 -33.22 70.82 -37.60
4.057 -33.61 71.61 -38.00
4.065 -33.96 72.32 -38.37
4.074 -34.26 72.95 -38.69
4.082 -34.53 73.50 -38.97
4.091 -34.75 73.96 -39.20
4.099 -34.93 74.31 -39.38
4.108 -35.05 74.56 -39.51
4.116 -35.13 74.72 -39.59
4.125 -35.15 74.78 -39.62
4.133 -35.13 74.73 -39.60
4.142 -35.06 74.58 -39.52
4.150 -34.94 74.33 -39.39
4.158 -34.77 73.99 -39.22
4.167 -34.56 73.56 -39.00
4.175 -34.30 73.02 -38.72
4.184 -33.99 72.39 -38.40
4.192 -33.64 71.68 -38.04
4.201 -33.25 70.88 -37.63
4.209 -32.83 70.02 -37.19
4.218 -32.37 69.09 -36.71
4.226 -31.89 68.11 -36.21
4.235 -31.37 67.04 -35.67
4.243 -30.84 65.95 -35.11
4.252 -30.27 64.80 -34.53
4.261 -29.72 63.66 -33.95
4.269 -29.15 62.52 -33.37
4.278 -28.60 61.39 -32.79
4.286 -28.04 60.26 -32.22
4.295 -27.51 59.17 -31.66
4.303 -27.00 58.14 -31.14
4.312 -26.52 57.17 -30.65
4.320 -26.08 56.27 -30.19
4.329 -25.68 55.46 -29.78
4.338 -25.34 54.78 -29.43
4.346 -25.07 54.22 -29.15
4.355 -24.86 53.79 -28.93
4.363 -24.72 53.51 -28.79
4.372 -24.65 53.37 -28.72
4.380 -24.66 53.39 -28.73
4.389 -24.74 53.56 -28.82
4.397 -24.90 53.88 -28.98
4.406 -25.13 54.34 -29.21
4.414 -25.42 54.93 -29.51
4.423 -25.77 55.64 -29.87
4.432 -26.22 56.55 -30.33
4.441 -26.66 57.45 -30.79
4.449 -27.15 58.44 -31.29
4.458 -27.66 59.49 -31.83
4.466 -28.20 60.59 -32.38
4.475 -28.75 61.71 -32.95
4.483 -29.31 62.84 -33.53
4.492 -29.86 63.97 -34.10
4.500 -30.42 65.09 -34.68
4.509 -30.96 66.21 -35.25
4.517 -31.49 67.29 -35.79
4.526 -32.00 68.32 -36.32
4.534 -32.48 69.30 -36.82
4.543 -32.93 70.23 -37.30
4.551 -33.35 71.07 -37.73
4.560 -33.72 71.85 -38.12
4.568 -34.07 72.55 -38.48
4.577 -34.36 73.15 -38.79
4.585 -34.61 73.66 -39.05
4.594 -34.81 74.08 -39.27
4.602 -34.97 74.41 -39.43
4.611 -35.08 74.63 -39.55
4.619 -35.14 74.75 -39.61
4.628 -35.15 74.77 -39.62
4.636 -35.11 74.69 -39.58
4.645 -35.01 74.48 -39.47
4.654 -34.87 74.19 -39.32
4.662 -34.67 73.79 -39.12
4.671 -34.43 73.30 -38.87
4.679 -34.15 72.72 -38.57
4.688 -33.83 72.05 -38.23
4.696 -33.46 71.30 -37.84
4.705 -33.05 70.47 -37.42
4.713 -32.61 69.56 -36.96
4.722 -32.13 68.58 -36.46
4.731 -31.62 67.54 -35.92
4.739 -31.09 66.47 -35.38
4.748 -30.54 65.36 -34.81
4.756 -29.99 64.23 -34.24
4.765 -29.44 63.09 -33.66
4.773 -28.87 61.95 -33.08
4.782 -28.31 60.80 -32.49
4.791 -27.75 59.66 -31.91
4.799 -27.23 58.60 -31.37
4.808 -26.73 57.59 -30.86
4.816 -26.28 56.67 -30.39
4.825 -25.86 55.83 -29.97
4.833 -25.50 55.10 -29.60
4.842 -25.19 54.47 -29.28
4.851 -24.94 53.97 -29.02
4.859 -24.77 53.62 -28.85
4.868 -24.67 53.42 -28.75
4.876 -24.65 53.36 -28.72
4.885 -24.69 53.46 -28.77
4.893 -24.81 53.70 -28.89
4.901 -25.00 54.08 -29.08
4.910 -25.26 54.60 -29.34
4.918 -25.57 55.25 -29.67
4.927 -25.95 56.01 -30.06
4.935 -26.37 56.87 -30.49
4.944 -26.84 57.81 -30.97
4.952 -27.33 58.82 -31.49
4.961 -27.86 59.89 -32.03
4.970 -28.41 61.00 -32.60
4.978 -28.97 62.14 -33.17
4.987 -29.53 63.28 -33.75
4.995 -30.09 64.43 -34.34
5.004 -30.64 65.55 -34.91
5.012 -31.19 66.66 -35.48
5.021 -31.71 67.74 -36.02
5.029 -32.21 68.75 -36.54
5.038 -32.67 69.70 -37.03
5.046 -33.11 70.59 -37.48
5.055 -33.51 71.42 -37.90
5.063 -33.88 72.16 -38.28
5.072 -34.19 72.81 -38.62
5.080 -34.47 73.37 -38.90
5.089 -34.70 73.85 -39.15
5.097 -34.89 74.23 -39.34
5.106 -35.03 74.52 -39.49
5.114 -35.12 74.70 -39.58
5.123 -35.15 74.77 -39.62
5.132 -35.14 74.74 -39.60
5.141 -35.07 74.60 -39.53
5.150 -34.95 74.35 -39.40
5.158 -34.77 74.00 -39.22
5.167 -34.56 73.55 -38.99
5.175 -34.29 73.01 -38.72
5.184 -33.98 72.38 -38.39
5.192 -33.64 71.67 -38.03
5.201 -33.24 70.87 -37.62
5.210 -32.81 69.97 -37.17
5.218 -32.34 69.02 -36.68
5.227 -31.84 68.00 -36.16
5.236 -31.32 66.93 -35.61
5.244 -30.78 65.83 -35.05
5.253 -30.21 64.68 -34.47
5.262 -29.65 63.52 -33.88
5.270 -29.08 62.36 -33.29
5.279 -28.50 61.20 -32.69
5.288 -27.94 60.05 -32.11
5.296 -27.41 58.97 -31.56
5.305 -26.89 57.91 -31.03
5.314 -26.39 56.90 -30.51
5.323 -25.96 56.04 -30.07
5.331 -25.58 55.26 -29.68
5.340 -25.26 54.60 -29.34
5.349 -24.99 54.07 -29.07
5.357 -24.80 53.68 -28.88
5.366 -24.69 53.44 -28.76
5.375 -24.65 53.36 -28.72
5.384 -24.68 53.44 -28.76
5.392 -24.80 53.67 -28.87
5.401 -24.98 54.05 -29.06
5.409 -25.23 54.56 -29.32
5.418 -25.55 55.19 -29.65
5.426 -25.92 55.95 -30.03
5.435 -26.35 56.81 -30.47
5.444 -26.81 57.76 -30.95
5.452 -27.31 58.77 -31.46
5.461 -27.83 59.83 -32.00
5.469 -28.40 60.99 -32.59
5.478 -28.96 62.13 -33.17
5.487 -29.55 63.34 -33.78
5.497 -30.18 64.61 -34.43
5.506 -30.82 65.91 -35.09
5.515 -31.36 67.02 -35.66
5.524 -31.87 68.06 -36.19
5.532 -32.36 69.05 -36.70
5.540 -32.81 69.98 -37.17
5.549 -33.23 70.84 -37.61
5.557 -33.62 71.64 -38.02
5.566 -33.97 72.35 -38.38
5.574 -34.28 72.99 -38.71
5.583 -34.54 73.53 -38.98
5.591 -34.76 73.97 -39.21
5.600 -34.94 74.33 -39.39
5.608 -35.06 74.58 -39.52
5.617 -35.13 74.73 -39.60
5.625 -35.15 74.78 -39.62
5.634 -35.13 74.72 -39.59
5.642 -35.05 74.57 -39.51
5.651 -34.93 74.31 -39.38
5.659 -34.75 73.95 -39.20
5.668 -34.53 73.50 -38.97
5.676 -34.26 72.95 -38.69
5.685 -33.95 72.31 -38.36
5.693 -33.59 71.58 -37.98
5.702 -33.20 70.77 -37.57
5.710 -32.77 69.90 -37.13
5.719 -32.30 68.94 -36.64
5.728 -31.81 67.93 -36.12
5.736 -31.29 66.87 -35.58
5.745 -30.74 65.76 -35.02
5.753 -30.19 64.63 -34.44
5.762 -29.65 63.52 -33.88
5.770 -29.10 62.41 -33.31
5.778 -28.55 61.29 -32.74
5.787 -28.00 60.17 -32.17
5.795 -27.46 59.08 -31.62
5.804 -26.94 58.02 -31.08
5.813 -26.48 57.08 -30.60
5.821 -26.04 56.19 -30.15
5.830 -25.65 55.39 -29.75
5.838 -25.31 54.71 -29.40
5.847 -25.04 54.17 -29.13
5.855 -24.84 53.76 -28.92
5.864 -24.71 53.49 -28.78
5.872 -24.65 53.37 -28.72
5.881 -24.66 53.40 -28.74
5.889 -24.75 53.58 -28.83
5.898 -24.91 53.90 -28.99
5.906 -25.14 54.37 -29.23
5.915 -25.43 54.96 -29.53
5.923 -25.79 55.67 -29.89
5.932 -26.19 56.50 -30.31
5.940 -26.64 57.41 -30.77
5.949 -27.13 58.40 -31.27
5.957 -27.64 59.44 -31.80
5.966 -28.17 60.51 -32.35
5.974 -28.72 61.64 -32.92
5.983 -29.28 62.78 -33.50
5.991 -29.84 63.92 -34.08
6.000 -30.40 65.06 -34.66
6.008 -30.94 66.16 -35.22
6.017 -31.49 67.28 -35.79
6.026 -31.98 68.29 -36.31
6.034 -32.47 69.28 -36.81
6.042 -32.91 70.19 -37.28
6.051 -33.33 71.04 -37.71
6.059 -33.71 71.81 -38.11
6.068 -34.05 72.52 -38.47
6.076 -34.35 73.13 -38.78
6.085 -34.60 73.65 -39.04
6.093 -34.81 74.07 -39.26
6.102 -34.97 74.40 -39.43
6.110 -35.08 74.63 -39.54
6.119 -35.14 74.75 -39.61
6.127 -35.15 74.77 -39.62
6.136 -35.11 74.69 -39.58
6.144 -35.03 74.51 -39.49
6.153 -34.89 74.23 -39.34
6.161 -34.71 73.86 -39.15
6.169 -34.48 73.40 -38.92
6.178 -34.20 72.83 -38.63
6.186 -33.88 72.17 -38.29
6.195 -33.52 71.43 -37.91
6.203 -33.12 70.62 -37.50
6.212 -32.69 69.73 -37.04
6.220 -32.22 68.78 -36.56
6.229 -31.73 67.77 -36.04
6.237 -31.21 66.72 -35.50
6.246 -30.67 65.60 -34.94
6.254 -30.12 64.48 -34.37
6.263 -29.56 63.35 -33.79
6.271 -29.01 62.23 -33.22
6.280 -28.46 61.10 -32.65
6.288 -27.91 60.00 -32.08
6.297 -27.38 58.92 -31.54
6.305 -26.88 57.90 -31.02
6.314 -26.41 56.94 -30.53
6.322 -25.98 56.08 -30.09
6.331 -25.61 55.31 -29.71
6.339 -25.28 54.66 -29.37
6.348 -25.02 54.13 -29.10
6.356 -24.83 53.73 -28.90
6.365 -24.70 53.47 -28.77
6.373 -24.65 53.37 -28.72
6.382 -24.67 53.41 -28.74
6.390 -24.77 53.61 -28.84
6.399 -24.94 53.95 -29.02
6.407 -25.18 54.44 -29.26
6.417 -25.50 55.10 -29.60
6.425 -25.85 55.82 -29.96
6.433 -26.27 56.65 -30.38
6.442 -26.72 57.57 -30.85
6.450 -27.21 58.56 -31.36
6.459 -27.72 59.61 -31.89
6.467 -28.27 60.72 -32.45
6.476 -28.83 61.86 -33.03
6.484 -29.39 62.99 -33.61
6.493 -29.95 64.14 -34.19
6.501 -30.50 65.27 -34.76
6.510 -31.04 66.37 -35.33
6.518 -31.57 67.44 -35.87
6.527 -32.07 68.47 -36.40
6.535 -32.55 69.44 -36.89
6.544 -32.99 70.35 -37.36
6.553 -33.41 71.21 -37.80
6.561 -33.79 71.98 -38.19
6.570 -34.12 72.66 -38.54
6.578 -34.41 73.25 -38.84
6.587 -34.65 73.75 -39.10
6.595 -34.85 74.15 -39.30
6.604 -35.00 74.46 -39.46
6.612 -35.10 74.66 -39.56
6.621 -35.15 74.77 -39.62
6.630 -35.15 74.76 -39.61
6.638 -35.10 74.66 -39.56
6.646 -35.00 74.45 -39.46
